This is LuaHBTeX, Version 1.15.0 (TeX Live 2022/nixos.org)  (format=lualatex 1980.1.1)  30 OCT 2023 21:31
 restricted system commands enabled.
**angle.tex
(./angle.tex
LaTeX2e <2022-11-01> patch level 1
Lua module: luaotfload 2022-10-03 3.23 Lua based OpenType font support
Lua module: lualibs 2022-10-04 2.75 ConTeXt Lua standard libraries.
Lua module: lualibs-extended 2022-10-04 2.75 ConTeXt Lua libraries -- extended c
ollection.
luaotfload | conf : Root cache directory is "/home/revol-xut/.texlive2022/texmf-
var/luatex-cache/generic/names".
luaotfload | init : Loading fontloader "fontloader-2022-10-03.lua" from kpse-res
olved path "/nix/store/vs3sdmvbg7aw63q5z1cy2yjll5hgyl87-texlive-combined-full-20
22-final-texmfdist/tex/luatex/luaotfload/fontloader-2022-10-03.lua".
Lua-only attribute luaotfload@noligature = 1
luaotfload | init : Context OpenType loader version 3.120
Inserting `luaotfload.node_processor' in `pre_linebreak_filter'.
Inserting `luaotfload.node_processor' in `hpack_filter'.
Inserting `luaotfload.glyph_stream' in `glyph_stream_provider'.
Inserting `luaotfload.define_font' in `define_font'.
Lua-only attribute luaotfload_color_attribute = 2
luaotfload | conf : Root cache directory is "/home/revol-xut/.texlive2022/texmf-
var/luatex-cache/generic/names".
Inserting `luaotfload.harf.strip_prefix' in `find_opentype_file'.
Inserting `luaotfload.harf.strip_prefix' in `find_truetype_file'.
Removing  `luaotfload.glyph_stream' from `glyph_stream_provider'.
Inserting `luaotfload.harf.glyphstream' in `glyph_stream_provider'.
Inserting `luaotfload.harf.finalize_vlist' in `post_linebreak_filter'.
Inserting `luaotfload.harf.finalize_hlist' in `hpack_filter'.
Inserting `luaotfload.cleanup_files' in `wrapup_run'.
Inserting `luaotfload.harf.finalize_unicode' in `finish_pdffile'.
Inserting `luaotfload.glyphinfo' in `glyph_info'.
Lua-only attribute luaotfload.letterspace_done = 3
Inserting `luaotfload.aux.set_sscale_dimens' in `luaotfload.patch_font'.
Inserting `luaotfload.aux.set_font_index' in `luaotfload.patch_font'.
Inserting `luaotfload.aux.patch_cambria_domh' in `luaotfload.patch_font'.
Inserting `luaotfload.aux.fixup_fontdata' in `luaotfload.patch_font_unsafe'.
Inserting `luaotfload.aux.set_capheight' in `luaotfload.patch_font'.
Inserting `luaotfload.aux.set_xheight' in `luaotfload.patch_font'.
Inserting `luaotfload.rewrite_fontname' in `luaotfload.patch_font'. L3 programm
ing layer <2023-02-22>
Inserting `tracingstacklevels' in `input_level_string'.
(/nix/store/vs3sdmvbg7aw63q5z1cy2yjll5hgyl87-texlive-combined-full-2022-final-t
exmfdist/tex/latex/standalone/standalone.cls
Document Class: standalone 2022/10/10 v1.3b Class to compile TeX sub-files stan
dalone

(/nix/store/vs3sdmvbg7aw63q5z1cy2yjll5hgyl87-texlive-combined-full-2022-final-t
exmfdist/tex/latex/tools/shellesc.sty
Package: shellesc 2019/11/08 v1.0c unified shell escape interface for LaTeX
Package shellesc Info: Restricted shell escape enabled on input line 77.
)
(/nix/store/vs3sdmvbg7aw63q5z1cy2yjll5hgyl87-texlive-combined-full-2022-final-t
exmfdist/tex/generic/iftex/ifluatex.sty
Package: ifluatex 2019/10/25 v1.5 ifluatex legacy package. Use iftex instead.

(/nix/store/vs3sdmvbg7aw63q5z1cy2yjll5hgyl87-texlive-combined-full-2022-final-t
exmfdist/tex/generic/iftex/iftex.sty
Package: iftex 2022/02/03 v1.0f TeX engine tests
))
(/nix/store/vs3sdmvbg7aw63q5z1cy2yjll5hgyl87-texlive-combined-full-2022-final-t
exmfdist/tex/latex/xkeyval/xkeyval.sty
Package: xkeyval 2022/06/16 v2.9 package option processing (HA)

(/nix/store/vs3sdmvbg7aw63q5z1cy2yjll5hgyl87-texlive-combined-full-2022-final-t
exmfdist/tex/generic/xkeyval/xkeyval.tex
(/nix/store/vs3sdmvbg7aw63q5z1cy2yjll5hgyl87-texlive-combined-full-2022-final-t
exmfdist/tex/generic/xkeyval/xkvutils.tex
\XKV@toks=\toks16
\XKV@tempa@toks=\toks17

(/nix/store/vs3sdmvbg7aw63q5z1cy2yjll5hgyl87-texlive-combined-full-2022-final-t
exmfdist/tex/generic/xkeyval/keyval.tex))
\XKV@depth=\count183
File: xkeyval.tex 2014/12/03 v2.7a key=value parser (HA)
))
\sa@internal=\count184
\c@sapage=\count185

(/nix/store/vs3sdmvbg7aw63q5z1cy2yjll5hgyl87-texlive-combined-full-2022-final-t
exmfdist/tex/latex/standalone/standalone.cfg
File: standalone.cfg 2022/10/10 v1.3b Default configuration file for 'standalon
e' class
)
(/nix/store/vs3sdmvbg7aw63q5z1cy2yjll5hgyl87-texlive-combined-full-2022-final-t
exmfdist/tex/latex/base/article.cls
Document Class: article 2022/07/02 v1.4n Standard LaTeX document class

(/nix/store/vs3sdmvbg7aw63q5z1cy2yjll5hgyl87-texlive-combined-full-2022-final-t
exmfdist/tex/latex/base/size10.clo
File: size10.clo 2022/07/02 v1.4n Standard LaTeX file (size option)
luaotfload | db : Font names database loaded from /home/revol-xut/.texlive2022/t
exmf-var/luatex-cache/generic/names/luaotfload-names.luc.gz)
\c@part=\count186
\c@section=\count187
\c@subsection=\count188
\c@subsubsection=\count189
\c@paragraph=\count190
\c@subparagraph=\count191
\c@figure=\count192
\c@table=\count193
\abovecaptionskip=\skip48
\belowcaptionskip=\skip49
\bibindent=\dimen139
)
(/nix/store/vs3sdmvbg7aw63q5z1cy2yjll5hgyl87-texlive-combined-full-2022-final-t
exmfdist/tex/generic/luatex85/luatex85.sty
Package: luatex85 2016/06/15 v1.4 pdftex aliases for luatex
)
(/nix/store/vs3sdmvbg7aw63q5z1cy2yjll5hgyl87-texlive-combined-full-2022-final-t
exmfdist/tex/generic/pdftexcmds/pdftexcmds.sty
Package: pdftexcmds 2020-06-27 v0.33 Utility functions of pdfTeX for LuaTeX (HO
)

(/nix/store/vs3sdmvbg7aw63q5z1cy2yjll5hgyl87-texlive-combined-full-2022-final-t
exmfdist/tex/generic/infwarerr/infwarerr.sty
Package: infwarerr 2019/12/03 v1.5 Providing info/warning/error messages (HO)
)
(/nix/store/vs3sdmvbg7aw63q5z1cy2yjll5hgyl87-texlive-combined-full-2022-final-t
exmfdist/tex/generic/ltxcmds/ltxcmds.sty
Package: ltxcmds 2020-05-10 v1.25 LaTeX kernel commands for general use (HO)
)
Package pdftexcmds Info: \pdf@primitive is available.
Package pdftexcmds Info: \pdf@ifprimitive is available.
Package pdftexcmds Info: \pdfdraftmode found.
\pdftexcmds@toks=\toks18
)
\sa@box=\box51
)
(/nix/store/vs3sdmvbg7aw63q5z1cy2yjll5hgyl87-texlive-combined-full-2022-final-t
exmfdist/tex/latex/pgfplots/pgfplots.sty
(/nix/store/vs3sdmvbg7aw63q5z1cy2yjll5hgyl87-texlive-combined-full-2022-final-t
exmfdist/tex/generic/pgfplots/pgfplots.revision.tex)
Package: pgfplots 2021/05/15 v1.18.1 Data Visualization (1.18.1)

(/nix/store/vs3sdmvbg7aw63q5z1cy2yjll5hgyl87-texlive-combined-full-2022-final-t
exmfdist/tex/latex/graphics/graphicx.sty
Package: graphicx 2021/09/16 v1.2d Enhanced LaTeX Graphics (DPC,SPQR)

(/nix/store/vs3sdmvbg7aw63q5z1cy2yjll5hgyl87-texlive-combined-full-2022-final-t
exmfdist/tex/latex/graphics/graphics.sty
Package: graphics 2022/03/10 v1.4e Standard LaTeX Graphics (DPC,SPQR)

(/nix/store/vs3sdmvbg7aw63q5z1cy2yjll5hgyl87-texlive-combined-full-2022-final-t
exmfdist/tex/latex/graphics/trig.sty
Package: trig 2021/08/11 v1.11 sin cos tan (DPC)
)
(/nix/store/vs3sdmvbg7aw63q5z1cy2yjll5hgyl87-texlive-combined-full-2022-final-t
exmfdist/tex/latex/graphics-cfg/graphics.cfg
File: graphics.cfg 2016/06/04 v1.11 sample graphics configuration
)
Package graphics Info: Driver file: luatex.def on input line 107.

(/nix/store/vs3sdmvbg7aw63q5z1cy2yjll5hgyl87-texlive-combined-full-2022-final-t
exmfdist/tex/latex/graphics-def/luatex.def
File: luatex.def 2022/09/22 v1.2d Graphics/color driver for luatex
))
\Gin@req@height=\dimen140
\Gin@req@width=\dimen141
)
(/nix/store/vs3sdmvbg7aw63q5z1cy2yjll5hgyl87-texlive-combined-full-2022-final-t
exmfdist/tex/latex/pgf/frontendlayer/tikz.sty
(/nix/store/vs3sdmvbg7aw63q5z1cy2yjll5hgyl87-texlive-combined-full-2022-final-t
exmfdist/tex/latex/pgf/basiclayer/pgf.sty
(/nix/store/vs3sdmvbg7aw63q5z1cy2yjll5hgyl87-texlive-combined-full-2022-final-t
exmfdist/tex/latex/pgf/utilities/pgfrcs.sty
(/nix/store/vs3sdmvbg7aw63q5z1cy2yjll5hgyl87-texlive-combined-full-2022-final-t
exmfdist/tex/generic/pgf/utilities/pgfutil-common.tex
\pgfutil@everybye=\toks19
\pgfutil@tempdima=\dimen142
\pgfutil@tempdimb=\dimen143
)
(/nix/store/vs3sdmvbg7aw63q5z1cy2yjll5hgyl87-texlive-combined-full-2022-final-t
exmfdist/tex/generic/pgf/utilities/pgfutil-latex.def
\pgfutil@abb=\box52
)
(/nix/store/vs3sdmvbg7aw63q5z1cy2yjll5hgyl87-texlive-combined-full-2022-final-t
exmfdist/tex/generic/pgf/utilities/pgfrcs.code.tex
(/nix/store/vs3sdmvbg7aw63q5z1cy2yjll5hgyl87-texlive-combined-full-2022-final-t
exmfdist/tex/generic/pgf/pgf.revision.tex)
Package: pgfrcs 2023-01-15 v3.1.10 (3.1.10)
))
Package: pgf 2023-01-15 v3.1.10 (3.1.10)

(/nix/store/vs3sdmvbg7aw63q5z1cy2yjll5hgyl87-texlive-combined-full-2022-final-t
exmfdist/tex/latex/pgf/basiclayer/pgfcore.sty
(/nix/store/vs3sdmvbg7aw63q5z1cy2yjll5hgyl87-texlive-combined-full-2022-final-t
exmfdist/tex/latex/pgf/systemlayer/pgfsys.sty
(/nix/store/vs3sdmvbg7aw63q5z1cy2yjll5hgyl87-texlive-combined-full-2022-final-t
exmfdist/tex/generic/pgf/systemlayer/pgfsys.code.tex
Package: pgfsys 2023-01-15 v3.1.10 (3.1.10)

(/nix/store/vs3sdmvbg7aw63q5z1cy2yjll5hgyl87-texlive-combined-full-2022-final-t
exmfdist/tex/generic/pgf/utilities/pgfkeys.code.tex
\pgfkeys@pathtoks=\toks20
\pgfkeys@temptoks=\toks21

(/nix/store/vs3sdmvbg7aw63q5z1cy2yjll5hgyl87-texlive-combined-full-2022-final-t
exmfdist/tex/generic/pgf/utilities/pgfkeyslibraryfiltered.code.tex
\pgfkeys@tmptoks=\toks22
))
\pgf@x=\dimen144
\pgf@y=\dimen145
\pgf@xa=\dimen146
\pgf@ya=\dimen147
\pgf@xb=\dimen148
\pgf@yb=\dimen149
\pgf@xc=\dimen150
\pgf@yc=\dimen151
\pgf@xd=\dimen152
\pgf@yd=\dimen153
\w@pgf@writea=\write3
\r@pgf@reada=\read2
\c@pgf@counta=\count194
\c@pgf@countb=\count195
\c@pgf@countc=\count196
\c@pgf@countd=\count197
\t@pgf@toka=\toks23
\t@pgf@tokb=\toks24
\t@pgf@tokc=\toks25
\pgf@sys@id@count=\count198

(/nix/store/vs3sdmvbg7aw63q5z1cy2yjll5hgyl87-texlive-combined-full-2022-final-t
exmfdist/tex/generic/pgf/systemlayer/pgf.cfg
File: pgf.cfg 2023-01-15 v3.1.10 (3.1.10)
)
Driver file for pgf: pgfsys-luatex.def

(/nix/store/vs3sdmvbg7aw63q5z1cy2yjll5hgyl87-texlive-combined-full-2022-final-t
exmfdist/tex/generic/pgf/systemlayer/pgfsys-luatex.def
File: pgfsys-luatex.def 2023-01-15 v3.1.10 (3.1.10)

(/nix/store/vs3sdmvbg7aw63q5z1cy2yjll5hgyl87-texlive-combined-full-2022-final-t
exmfdist/tex/generic/pgf/systemlayer/pgfsys-common-pdf.def
File: pgfsys-common-pdf.def 2023-01-15 v3.1.10 (3.1.10)
)))
(/nix/store/vs3sdmvbg7aw63q5z1cy2yjll5hgyl87-texlive-combined-full-2022-final-t
exmfdist/tex/generic/pgf/systemlayer/pgfsyssoftpath.code.tex
File: pgfsyssoftpath.code.tex 2023-01-15 v3.1.10 (3.1.10)
\pgfsyssoftpath@smallbuffer@items=\count199
\pgfsyssoftpath@bigbuffer@items=\count266
)
(/nix/store/vs3sdmvbg7aw63q5z1cy2yjll5hgyl87-texlive-combined-full-2022-final-t
exmfdist/tex/generic/pgf/systemlayer/pgfsysprotocol.code.tex
File: pgfsysprotocol.code.tex 2023-01-15 v3.1.10 (3.1.10)
))
(/nix/store/vs3sdmvbg7aw63q5z1cy2yjll5hgyl87-texlive-combined-full-2022-final-t
exmfdist/tex/latex/xcolor/xcolor.sty
Package: xcolor 2022/06/12 v2.14 LaTeX color extensions (UK)

(/nix/store/vs3sdmvbg7aw63q5z1cy2yjll5hgyl87-texlive-combined-full-2022-final-t
exmfdist/tex/latex/graphics-cfg/color.cfg
File: color.cfg 2016/01/02 v1.6 sample color configuration
)
Package xcolor Info: Driver file: luatex.def on input line 227.

(/nix/store/vs3sdmvbg7aw63q5z1cy2yjll5hgyl87-texlive-combined-full-2022-final-t
exmfdist/tex/latex/graphics/mathcolor.ltx)
Package xcolor Info: Model `cmy' substituted by `cmy0' on input line 1353.
Package xcolor Info: Model `hsb' substituted by `rgb' on input line 1357.
Package xcolor Info: Model `RGB' extended on input line 1369.
Package xcolor Info: Model `HTML' substituted by `rgb' on input line 1371.
Package xcolor Info: Model `Hsb' substituted by `hsb' on input line 1372.
Package xcolor Info: Model `tHsb' substituted by `hsb' on input line 1373.
Package xcolor Info: Model `HSB' substituted by `hsb' on input line 1374.
Package xcolor Info: Model `Gray' substituted by `gray' on input line 1375.
Package xcolor Info: Model `wave' substituted by `hsb' on input line 1376.
)
(/nix/store/vs3sdmvbg7aw63q5z1cy2yjll5hgyl87-texlive-combined-full-2022-final-t
exmfdist/tex/generic/pgf/basiclayer/pgfcore.code.tex
Package: pgfcore 2023-01-15 v3.1.10 (3.1.10)

(/nix/store/vs3sdmvbg7aw63q5z1cy2yjll5hgyl87-texlive-combined-full-2022-final-t
exmfdist/tex/generic/pgf/math/pgfmath.code.tex
(/nix/store/vs3sdmvbg7aw63q5z1cy2yjll5hgyl87-texlive-combined-full-2022-final-t
exmfdist/tex/generic/pgf/math/pgfmathutil.code.tex)
(/nix/store/vs3sdmvbg7aw63q5z1cy2yjll5hgyl87-texlive-combined-full-2022-final-t
exmfdist/tex/generic/pgf/math/pgfmathparser.code.tex
\pgfmath@dimen=\dimen154
\pgfmath@count=\count267
\pgfmath@box=\box53
\pgfmath@toks=\toks26
\pgfmath@stack@operand=\toks27
\pgfmath@stack@operation=\toks28
)
(/nix/store/vs3sdmvbg7aw63q5z1cy2yjll5hgyl87-texlive-combined-full-2022-final-t
exmfdist/tex/generic/pgf/math/pgfmathfunctions.code.tex)
(/nix/store/vs3sdmvbg7aw63q5z1cy2yjll5hgyl87-texlive-combined-full-2022-final-t
exmfdist/tex/generic/pgf/math/pgfmathfunctions.basic.code.tex)
(/nix/store/vs3sdmvbg7aw63q5z1cy2yjll5hgyl87-texlive-combined-full-2022-final-t
exmfdist/tex/generic/pgf/math/pgfmathfunctions.trigonometric.code.tex)
(/nix/store/vs3sdmvbg7aw63q5z1cy2yjll5hgyl87-texlive-combined-full-2022-final-t
exmfdist/tex/generic/pgf/math/pgfmathfunctions.random.code.tex)
(/nix/store/vs3sdmvbg7aw63q5z1cy2yjll5hgyl87-texlive-combined-full-2022-final-t
exmfdist/tex/generic/pgf/math/pgfmathfunctions.comparison.code.tex)
(/nix/store/vs3sdmvbg7aw63q5z1cy2yjll5hgyl87-texlive-combined-full-2022-final-t
exmfdist/tex/generic/pgf/math/pgfmathfunctions.base.code.tex)
(/nix/store/vs3sdmvbg7aw63q5z1cy2yjll5hgyl87-texlive-combined-full-2022-final-t
exmfdist/tex/generic/pgf/math/pgfmathfunctions.round.code.tex)
(/nix/store/vs3sdmvbg7aw63q5z1cy2yjll5hgyl87-texlive-combined-full-2022-final-t
exmfdist/tex/generic/pgf/math/pgfmathfunctions.misc.code.tex)
(/nix/store/vs3sdmvbg7aw63q5z1cy2yjll5hgyl87-texlive-combined-full-2022-final-t
exmfdist/tex/generic/pgf/math/pgfmathfunctions.integerarithmetics.code.tex)
(/nix/store/vs3sdmvbg7aw63q5z1cy2yjll5hgyl87-texlive-combined-full-2022-final-t
exmfdist/tex/generic/pgf/math/pgfmathcalc.code.tex)
(/nix/store/vs3sdmvbg7aw63q5z1cy2yjll5hgyl87-texlive-combined-full-2022-final-t
exmfdist/tex/generic/pgf/math/pgfmathfloat.code.tex
\c@pgfmathroundto@lastzeros=\count268
))
(/nix/store/vs3sdmvbg7aw63q5z1cy2yjll5hgyl87-texlive-combined-full-2022-final-t
exmfdist/tex/generic/pgf/math/pgfint.code.tex)
(/nix/store/vs3sdmvbg7aw63q5z1cy2yjll5hgyl87-texlive-combined-full-2022-final-t
exmfdist/tex/generic/pgf/basiclayer/pgfcorepoints.code.tex
File: pgfcorepoints.code.tex 2023-01-15 v3.1.10 (3.1.10)
\pgf@picminx=\dimen155
\pgf@picmaxx=\dimen156
\pgf@picminy=\dimen157
\pgf@picmaxy=\dimen158
\pgf@pathminx=\dimen159
\pgf@pathmaxx=\dimen160
\pgf@pathminy=\dimen161
\pgf@pathmaxy=\dimen162
\pgf@xx=\dimen163
\pgf@xy=\dimen164
\pgf@yx=\dimen165
\pgf@yy=\dimen166
\pgf@zx=\dimen167
\pgf@zy=\dimen168
)
(/nix/store/vs3sdmvbg7aw63q5z1cy2yjll5hgyl87-texlive-combined-full-2022-final-t
exmfdist/tex/generic/pgf/basiclayer/pgfcorepathconstruct.code.tex
File: pgfcorepathconstruct.code.tex 2023-01-15 v3.1.10 (3.1.10)
\pgf@path@lastx=\dimen169
\pgf@path@lasty=\dimen170
)
(/nix/store/vs3sdmvbg7aw63q5z1cy2yjll5hgyl87-texlive-combined-full-2022-final-t
exmfdist/tex/generic/pgf/basiclayer/pgfcorepathusage.code.tex
File: pgfcorepathusage.code.tex 2023-01-15 v3.1.10 (3.1.10)
\pgf@shorten@end@additional=\dimen171
\pgf@shorten@start@additional=\dimen172
)
(/nix/store/vs3sdmvbg7aw63q5z1cy2yjll5hgyl87-texlive-combined-full-2022-final-t
exmfdist/tex/generic/pgf/basiclayer/pgfcorescopes.code.tex
File: pgfcorescopes.code.tex 2023-01-15 v3.1.10 (3.1.10)
\pgfpic=\box54
\pgf@hbox=\box55
\pgf@layerbox@main=\box56
\pgf@picture@serial@count=\count269
)
(/nix/store/vs3sdmvbg7aw63q5z1cy2yjll5hgyl87-texlive-combined-full-2022-final-t
exmfdist/tex/generic/pgf/basiclayer/pgfcoregraphicstate.code.tex
File: pgfcoregraphicstate.code.tex 2023-01-15 v3.1.10 (3.1.10)
\pgflinewidth=\dimen173
)
(/nix/store/vs3sdmvbg7aw63q5z1cy2yjll5hgyl87-texlive-combined-full-2022-final-t
exmfdist/tex/generic/pgf/basiclayer/pgfcoretransformations.code.tex
File: pgfcoretransformations.code.tex 2023-01-15 v3.1.10 (3.1.10)
\pgf@pt@x=\dimen174
\pgf@pt@y=\dimen175
\pgf@pt@temp=\dimen176
)
(/nix/store/vs3sdmvbg7aw63q5z1cy2yjll5hgyl87-texlive-combined-full-2022-final-t
exmfdist/tex/generic/pgf/basiclayer/pgfcorequick.code.tex
File: pgfcorequick.code.tex 2023-01-15 v3.1.10 (3.1.10)
)
(/nix/store/vs3sdmvbg7aw63q5z1cy2yjll5hgyl87-texlive-combined-full-2022-final-t
exmfdist/tex/generic/pgf/basiclayer/pgfcoreobjects.code.tex
File: pgfcoreobjects.code.tex 2023-01-15 v3.1.10 (3.1.10)
)
(/nix/store/vs3sdmvbg7aw63q5z1cy2yjll5hgyl87-texlive-combined-full-2022-final-t
exmfdist/tex/generic/pgf/basiclayer/pgfcorepathprocessing.code.tex
File: pgfcorepathprocessing.code.tex 2023-01-15 v3.1.10 (3.1.10)
)
(/nix/store/vs3sdmvbg7aw63q5z1cy2yjll5hgyl87-texlive-combined-full-2022-final-t
exmfdist/tex/generic/pgf/basiclayer/pgfcorearrows.code.tex
File: pgfcorearrows.code.tex 2023-01-15 v3.1.10 (3.1.10)
\pgfarrowsep=\dimen177
)
(/nix/store/vs3sdmvbg7aw63q5z1cy2yjll5hgyl87-texlive-combined-full-2022-final-t
exmfdist/tex/generic/pgf/basiclayer/pgfcoreshade.code.tex
File: pgfcoreshade.code.tex 2023-01-15 v3.1.10 (3.1.10)
\pgf@max=\dimen178
\pgf@sys@shading@range@num=\count270
\pgf@shadingcount=\count271
)
(/nix/store/vs3sdmvbg7aw63q5z1cy2yjll5hgyl87-texlive-combined-full-2022-final-t
exmfdist/tex/generic/pgf/basiclayer/pgfcoreimage.code.tex
File: pgfcoreimage.code.tex 2023-01-15 v3.1.10 (3.1.10)
)
(/nix/store/vs3sdmvbg7aw63q5z1cy2yjll5hgyl87-texlive-combined-full-2022-final-t
exmfdist/tex/generic/pgf/basiclayer/pgfcoreexternal.code.tex
File: pgfcoreexternal.code.tex 2023-01-15 v3.1.10 (3.1.10)
\pgfexternal@startupbox=\box57
)
(/nix/store/vs3sdmvbg7aw63q5z1cy2yjll5hgyl87-texlive-combined-full-2022-final-t
exmfdist/tex/generic/pgf/basiclayer/pgfcorelayers.code.tex
File: pgfcorelayers.code.tex 2023-01-15 v3.1.10 (3.1.10)
)
(/nix/store/vs3sdmvbg7aw63q5z1cy2yjll5hgyl87-texlive-combined-full-2022-final-t
exmfdist/tex/generic/pgf/basiclayer/pgfcoretransparency.code.tex
File: pgfcoretransparency.code.tex 2023-01-15 v3.1.10 (3.1.10)
)
(/nix/store/vs3sdmvbg7aw63q5z1cy2yjll5hgyl87-texlive-combined-full-2022-final-t
exmfdist/tex/generic/pgf/basiclayer/pgfcorepatterns.code.tex
File: pgfcorepatterns.code.tex 2023-01-15 v3.1.10 (3.1.10)
)
(/nix/store/vs3sdmvbg7aw63q5z1cy2yjll5hgyl87-texlive-combined-full-2022-final-t
exmfdist/tex/generic/pgf/basiclayer/pgfcorerdf.code.tex
File: pgfcorerdf.code.tex 2023-01-15 v3.1.10 (3.1.10)
)))
(/nix/store/vs3sdmvbg7aw63q5z1cy2yjll5hgyl87-texlive-combined-full-2022-final-t
exmfdist/tex/generic/pgf/modules/pgfmoduleshapes.code.tex
File: pgfmoduleshapes.code.tex 2023-01-15 v3.1.10 (3.1.10)
\pgfnodeparttextbox=\box58
)
(/nix/store/vs3sdmvbg7aw63q5z1cy2yjll5hgyl87-texlive-combined-full-2022-final-t
exmfdist/tex/generic/pgf/modules/pgfmoduleplot.code.tex
File: pgfmoduleplot.code.tex 2023-01-15 v3.1.10 (3.1.10)
)
(/nix/store/vs3sdmvbg7aw63q5z1cy2yjll5hgyl87-texlive-combined-full-2022-final-t
exmfdist/tex/latex/pgf/compatibility/pgfcomp-version-0-65.sty
Package: pgfcomp-version-0-65 2023-01-15 v3.1.10 (3.1.10)
\pgf@nodesepstart=\dimen179
\pgf@nodesepend=\dimen180
)
(/nix/store/vs3sdmvbg7aw63q5z1cy2yjll5hgyl87-texlive-combined-full-2022-final-t
exmfdist/tex/latex/pgf/compatibility/pgfcomp-version-1-18.sty
Package: pgfcomp-version-1-18 2023-01-15 v3.1.10 (3.1.10)
))
(/nix/store/vs3sdmvbg7aw63q5z1cy2yjll5hgyl87-texlive-combined-full-2022-final-t
exmfdist/tex/latex/pgf/utilities/pgffor.sty
(/nix/store/vs3sdmvbg7aw63q5z1cy2yjll5hgyl87-texlive-combined-full-2022-final-t
exmfdist/tex/latex/pgf/utilities/pgfkeys.sty
(/nix/store/vs3sdmvbg7aw63q5z1cy2yjll5hgyl87-texlive-combined-full-2022-final-t
exmfdist/tex/generic/pgf/utilities/pgfkeys.code.tex))
(/nix/store/vs3sdmvbg7aw63q5z1cy2yjll5hgyl87-texlive-combined-full-2022-final-t
exmfdist/tex/latex/pgf/math/pgfmath.sty
(/nix/store/vs3sdmvbg7aw63q5z1cy2yjll5hgyl87-texlive-combined-full-2022-final-t
exmfdist/tex/generic/pgf/math/pgfmath.code.tex))
(/nix/store/vs3sdmvbg7aw63q5z1cy2yjll5hgyl87-texlive-combined-full-2022-final-t
exmfdist/tex/generic/pgf/utilities/pgffor.code.tex
Package: pgffor 2023-01-15 v3.1.10 (3.1.10)
\pgffor@iter=\dimen181
\pgffor@skip=\dimen182
\pgffor@stack=\toks29
\pgffor@toks=\toks30
))
(/nix/store/vs3sdmvbg7aw63q5z1cy2yjll5hgyl87-texlive-combined-full-2022-final-t
exmfdist/tex/generic/pgf/frontendlayer/tikz/tikz.code.tex
Package: tikz 2023-01-15 v3.1.10 (3.1.10)

(/nix/store/vs3sdmvbg7aw63q5z1cy2yjll5hgyl87-texlive-combined-full-2022-final-t
exmfdist/tex/generic/pgf/libraries/pgflibraryplothandlers.code.tex
File: pgflibraryplothandlers.code.tex 2023-01-15 v3.1.10 (3.1.10)
\pgf@plot@mark@count=\count272
\pgfplotmarksize=\dimen183
)
\tikz@lastx=\dimen184
\tikz@lasty=\dimen185
\tikz@lastxsaved=\dimen186
\tikz@lastysaved=\dimen187
\tikz@lastmovetox=\dimen188
\tikz@lastmovetoy=\dimen189
\tikzleveldistance=\dimen190
\tikzsiblingdistance=\dimen191
\tikz@figbox=\box59
\tikz@figbox@bg=\box60
\tikz@tempbox=\box61
\tikz@tempbox@bg=\box62
\tikztreelevel=\count273
\tikznumberofchildren=\count274
\tikznumberofcurrentchild=\count275
\tikz@fig@count=\count276

(/nix/store/vs3sdmvbg7aw63q5z1cy2yjll5hgyl87-texlive-combined-full-2022-final-t
exmfdist/tex/generic/pgf/modules/pgfmodulematrix.code.tex
File: pgfmodulematrix.code.tex 2023-01-15 v3.1.10 (3.1.10)
\pgfmatrixcurrentrow=\count277
\pgfmatrixcurrentcolumn=\count278
\pgf@matrix@numberofcolumns=\count279
)
\tikz@expandcount=\count280

(/nix/store/vs3sdmvbg7aw63q5z1cy2yjll5hgyl87-texlive-combined-full-2022-final-t
exmfdist/tex/generic/pgf/frontendlayer/tikz/libraries/tikzlibrarytopaths.code.t
ex
File: tikzlibrarytopaths.code.tex 2023-01-15 v3.1.10 (3.1.10)
)))
(/nix/store/vs3sdmvbg7aw63q5z1cy2yjll5hgyl87-texlive-combined-full-2022-final-t
exmfdist/tex/generic/pgfplots/pgfplots.code.tex
(/nix/store/vs3sdmvbg7aw63q5z1cy2yjll5hgyl87-texlive-combined-full-2022-final-t
exmfdist/tex/generic/pgfplots/pgfplotscore.code.tex
Package pgfplots info on input line 124: Initializing with LUA version Lua 5.3
\pgfplots@luabackend@table=\catcodetable12
\t@pgfplots@toka=\toks31
\t@pgfplots@tokb=\toks32
\t@pgfplots@tokc=\toks33
\pgfplots@tmpa=\dimen192
\c@pgfplots@coordindex=\count281
\c@pgfplots@scanlineindex=\count282

(/nix/store/vs3sdmvbg7aw63q5z1cy2yjll5hgyl87-texlive-combined-full-2022-final-t
exmfdist/tex/generic/pgfplots/sys/pgfplotssysgeneric.code.tex))
(/nix/store/vs3sdmvbg7aw63q5z1cy2yjll5hgyl87-texlive-combined-full-2022-final-t
exmfdist/tex/generic/pgfplots/libs/pgfplotslibrary.code.tex)
(/nix/store/vs3sdmvbg7aw63q5z1cy2yjll5hgyl87-texlive-combined-full-2022-final-t
exmfdist/tex/generic/pgfplots/oldpgfcompatib/pgfplotsoldpgfsupp_loader.code.tex

(/nix/store/vs3sdmvbg7aw63q5z1cy2yjll5hgyl87-texlive-combined-full-2022-final-t
exmfdist/tex/generic/pgf/libraries/pgflibraryfpu.code.tex)
Package pgfplots: loading complementary utilities for your pgf version...
\t@pgf@toka=\toks34
\t@pgf@tokb=\toks35
\t@pgf@tokc=\toks36

(/nix/store/vs3sdmvbg7aw63q5z1cy2yjll5hgyl87-texlive-combined-full-2022-final-t
exmfdist/tex/generic/pgfplots/oldpgfcompatib/pgfplotsoldpgfsupp_pgfutil-common-
lists.tex)
(/nix/store/vs3sdmvbg7aw63q5z1cy2yjll5hgyl87-texlive-combined-full-2022-final-t
exmfdist/tex/generic/pgf/libraries/luamath/pgflibraryluamath.code.tex)
Package pgfplots info on input line 290: luamath library shipped with pgf 3.1.1
0 is up-to-date
)
(/nix/store/vs3sdmvbg7aw63q5z1cy2yjll5hgyl87-texlive-combined-full-2022-final-t
exmfdist/tex/generic/pgfplots/util/pgfplotsutil.code.tex
Package pgfplots info on input line 82: Found new luatex: initializing lua comm
ands instead of write18 (shell-escape)

(/nix/store/vs3sdmvbg7aw63q5z1cy2yjll5hgyl87-texlive-combined-full-2022-final-t
exmfdist/tex/generic/pgfplots/liststructure/pgfplotsliststructure.code.tex)
(/nix/store/vs3sdmvbg7aw63q5z1cy2yjll5hgyl87-texlive-combined-full-2022-final-t
exmfdist/tex/generic/pgfplots/liststructure/pgfplotsliststructureext.code.tex)
(/nix/store/vs3sdmvbg7aw63q5z1cy2yjll5hgyl87-texlive-combined-full-2022-final-t
exmfdist/tex/generic/pgfplots/liststructure/pgfplotsarray.code.tex
\c@pgfplotsarray@tmp=\count283
)
(/nix/store/vs3sdmvbg7aw63q5z1cy2yjll5hgyl87-texlive-combined-full-2022-final-t
exmfdist/tex/generic/pgfplots/liststructure/pgfplotsmatrix.code.tex)
(/nix/store/vs3sdmvbg7aw63q5z1cy2yjll5hgyl87-texlive-combined-full-2022-final-t
exmfdist/tex/generic/pgfplots/numtable/pgfplotstableshared.code.tex
\c@pgfplotstable@counta=\count284
\t@pgfplotstable@a=\toks37
)
(/nix/store/vs3sdmvbg7aw63q5z1cy2yjll5hgyl87-texlive-combined-full-2022-final-t
exmfdist/tex/generic/pgfplots/liststructure/pgfplotsdeque.code.tex)
(/nix/store/vs3sdmvbg7aw63q5z1cy2yjll5hgyl87-texlive-combined-full-2022-final-t
exmfdist/tex/generic/pgfplots/util/pgfplotsbinary.code.tex
(/nix/store/vs3sdmvbg7aw63q5z1cy2yjll5hgyl87-texlive-combined-full-2022-final-t
exmfdist/tex/generic/pgfplots/util/pgfplotsbinary.data.code.tex))
(/nix/store/vs3sdmvbg7aw63q5z1cy2yjll5hgyl87-texlive-combined-full-2022-final-t
exmfdist/tex/generic/pgfplots/util/pgfplotsutil.verb.code.tex)
(/nix/store/vs3sdmvbg7aw63q5z1cy2yjll5hgyl87-texlive-combined-full-2022-final-t
exmfdist/tex/generic/pgfplots/libs/pgflibrarypgfplots.surfshading.code.tex
\c@pgfplotslibrarysurf@no=\count285

(/nix/store/vs3sdmvbg7aw63q5z1cy2yjll5hgyl87-texlive-combined-full-2022-final-t
exmfdist/tex/generic/pgfplots/sys/pgflibrarypgfplots.surfshading.pgfsys-luatex.
def)))
(/nix/store/vs3sdmvbg7aw63q5z1cy2yjll5hgyl87-texlive-combined-full-2022-final-t
exmfdist/tex/generic/pgfplots/util/pgfplotscolormap.code.tex
(/nix/store/vs3sdmvbg7aw63q5z1cy2yjll5hgyl87-texlive-combined-full-2022-final-t
exmfdist/tex/generic/pgfplots/util/pgfplotscolor.code.tex))
(/nix/store/vs3sdmvbg7aw63q5z1cy2yjll5hgyl87-texlive-combined-full-2022-final-t
exmfdist/tex/generic/pgfplots/pgfplotsstackedplots.code.tex)
(/nix/store/vs3sdmvbg7aw63q5z1cy2yjll5hgyl87-texlive-combined-full-2022-final-t
exmfdist/tex/generic/pgfplots/pgfplotsplothandlers.code.tex
(/nix/store/vs3sdmvbg7aw63q5z1cy2yjll5hgyl87-texlive-combined-full-2022-final-t
exmfdist/tex/generic/pgfplots/pgfplotsmeshplothandler.code.tex
(/nix/store/vs3sdmvbg7aw63q5z1cy2yjll5hgyl87-texlive-combined-full-2022-final-t
exmfdist/tex/generic/pgfplots/pgfplotsmeshplotimage.code.tex)))
(/nix/store/vs3sdmvbg7aw63q5z1cy2yjll5hgyl87-texlive-combined-full-2022-final-t
exmfdist/tex/generic/pgfplots/pgfplots.scaling.code.tex)
(/nix/store/vs3sdmvbg7aw63q5z1cy2yjll5hgyl87-texlive-combined-full-2022-final-t
exmfdist/tex/generic/pgfplots/pgfplotscoordprocessing.code.tex)
(/nix/store/vs3sdmvbg7aw63q5z1cy2yjll5hgyl87-texlive-combined-full-2022-final-t
exmfdist/tex/generic/pgfplots/pgfplots.errorbars.code.tex)
(/nix/store/vs3sdmvbg7aw63q5z1cy2yjll5hgyl87-texlive-combined-full-2022-final-t
exmfdist/tex/generic/pgfplots/pgfplots.markers.code.tex)
(/nix/store/vs3sdmvbg7aw63q5z1cy2yjll5hgyl87-texlive-combined-full-2022-final-t
exmfdist/tex/generic/pgfplots/pgfplotsticks.code.tex)
(/nix/store/vs3sdmvbg7aw63q5z1cy2yjll5hgyl87-texlive-combined-full-2022-final-t
exmfdist/tex/generic/pgfplots/pgfplots.paths.code.tex)
(/nix/store/vs3sdmvbg7aw63q5z1cy2yjll5hgyl87-texlive-combined-full-2022-final-t
exmfdist/tex/generic/pgf/frontendlayer/tikz/libraries/tikzlibrarydecorations.co
de.tex
(/nix/store/vs3sdmvbg7aw63q5z1cy2yjll5hgyl87-texlive-combined-full-2022-final-t
exmfdist/tex/generic/pgf/modules/pgfmoduledecorations.code.tex
\pgfdecoratedcompleteddistance=\dimen193
\pgfdecoratedremainingdistance=\dimen194
\pgfdecoratedinputsegmentcompleteddistance=\dimen195
\pgfdecoratedinputsegmentremainingdistance=\dimen196
\pgf@decorate@distancetomove=\dimen197
\pgf@decorate@repeatstate=\count286
\pgfdecorationsegmentamplitude=\dimen198
\pgfdecorationsegmentlength=\dimen199
)
\tikz@lib@dec@box=\box63
)
(/nix/store/vs3sdmvbg7aw63q5z1cy2yjll5hgyl87-texlive-combined-full-2022-final-t
exmfdist/tex/generic/pgf/frontendlayer/tikz/libraries/tikzlibrarydecorations.pa
thmorphing.code.tex
(/nix/store/vs3sdmvbg7aw63q5z1cy2yjll5hgyl87-texlive-combined-full-2022-final-t
exmfdist/tex/generic/pgf/libraries/decorations/pgflibrarydecorations.pathmorphi
ng.code.tex))
(/nix/store/vs3sdmvbg7aw63q5z1cy2yjll5hgyl87-texlive-combined-full-2022-final-t
exmfdist/tex/generic/pgf/frontendlayer/tikz/libraries/tikzlibrarydecorations.pa
threplacing.code.tex
(/nix/store/vs3sdmvbg7aw63q5z1cy2yjll5hgyl87-texlive-combined-full-2022-final-t
exmfdist/tex/generic/pgf/libraries/decorations/pgflibrarydecorations.pathreplac
ing.code.tex))
(/nix/store/vs3sdmvbg7aw63q5z1cy2yjll5hgyl87-texlive-combined-full-2022-final-t
exmfdist/tex/generic/pgfplots/libs/tikzlibrarypgfplots.contourlua.code.tex)
\pgfplots@numplots=\count287
\pgfplots@xmin@reg=\dimen256
\pgfplots@xmax@reg=\dimen257
\pgfplots@ymin@reg=\dimen258
\pgfplots@ymax@reg=\dimen259
\pgfplots@zmin@reg=\dimen260
\pgfplots@zmax@reg=\dimen261
)
(/nix/store/vs3sdmvbg7aw63q5z1cy2yjll5hgyl87-texlive-combined-full-2022-final-t
exmfdist/tex/generic/pgf/frontendlayer/tikz/libraries/tikzlibraryplotmarks.code
.tex
File: tikzlibraryplotmarks.code.tex 2023-01-15 v3.1.10 (3.1.10)

(/nix/store/vs3sdmvbg7aw63q5z1cy2yjll5hgyl87-texlive-combined-full-2022-final-t
exmfdist/tex/generic/pgf/libraries/pgflibraryplotmarks.code.tex
File: pgflibraryplotmarks.code.tex 2023-01-15 v3.1.10 (3.1.10)
)))
(/nix/store/vs3sdmvbg7aw63q5z1cy2yjll5hgyl87-texlive-combined-full-2022-final-t
exmfdist/tex/latex/filecontents/filecontents.sty
Package: filecontents 2019/09/20 v1.5 Create an external file from within a LaT
eX document


Package filecontents Warning: This package is obsolete. Disabling it and
(filecontents)                passing control to the filecontents environment
(filecontents)                defined by the LaTeX kernel.

)
(/nix/store/vs3sdmvbg7aw63q5z1cy2yjll5hgyl87-texlive-combined-full-2022-final-t
exmfdist/tex/latex/l3backend/l3backend-luatex.def
File: l3backend-luatex.def 2023-01-16 L3 backend support: PDF output (LuaTeX)
\l__color_backend_stack_int=\count288
\l__pdf_internal_box=\box64
) (./angle.aux)
\openout1 = angle.aux

LaTeX Font Info:    Checking defaults for OML/cmm/m/it on input line 6.
LaTeX Font Info:    ... okay on input line 6.
LaTeX Font Info:    Checking defaults for OMS/cmsy/m/n on input line 6.
LaTeX Font Info:    ... okay on input line 6.
LaTeX Font Info:    Checking defaults for OT1/cmr/m/n on input line 6.
LaTeX Font Info:    ... okay on input line 6.
LaTeX Font Info:    Checking defaults for T1/cmr/m/n on input line 6.
LaTeX Font Info:    ... okay on input line 6.
LaTeX Font Info:    Checking defaults for TS1/cmr/m/n on input line 6.
LaTeX Font Info:    Trying to load font information for TS1+cmr on input line 6
.

(/nix/store/vs3sdmvbg7aw63q5z1cy2yjll5hgyl87-texlive-combined-full-2022-final-t
exmfdist/tex/latex/base/ts1cmr.fd
File: ts1cmr.fd 2022/07/10 v2.5l Standard LaTeX font definitions
)
LaTeX Font Info:    ... okay on input line 6.
LaTeX Font Info:    Checking defaults for TU/lmr/m/n on input line 6.
LaTeX Font Info:    ... okay on input line 6.
LaTeX Font Info:    Checking defaults for OMX/cmex/m/n on input line 6.
LaTeX Font Info:    ... okay on input line 6.
LaTeX Font Info:    Checking defaults for U/cmr/m/n on input line 6.
LaTeX Font Info:    ... okay on input line 6.

(/nix/store/vs3sdmvbg7aw63q5z1cy2yjll5hgyl87-texlive-combined-full-2022-final-t
exmfdist/tex/context/base/mkii/supp-pdf.mkii
[Loading MPS to PDF converter (version 2006.09.02).]
\scratchcounter=\count289
\scratchdimen=\dimen262
\scratchbox=\box65
\nofMPsegments=\count290
\nofMParguments=\count291
\everyMPshowfont=\toks38
\MPscratchCnt=\count292
\MPscratchDim=\dimen263
\MPnumerator=\count293
\makeMPintoPDFobject=\count294
\everyMPtoPDFconversion=\toks39
)
(/nix/store/vs3sdmvbg7aw63q5z1cy2yjll5hgyl87-texlive-combined-full-2022-final-t
exmfdist/tex/latex/epstopdf-pkg/epstopdf-base.sty
Package: epstopdf-base 2020-01-24 v2.11 Base part for package epstopdf
Package epstopdf-base Info: Redefining graphics rule for `.eps' on input line 4
85.

(/nix/store/vs3sdmvbg7aw63q5z1cy2yjll5hgyl87-texlive-combined-full-2022-final-t
exmfdist/tex/latex/latexconfig/epstopdf-sys.cfg
File: epstopdf-sys.cfg 2010/07/13 v1.3 Configuration of (r)epstopdf for TeX Liv
e
))
Package pgfplots notification 'compat/show suggested version=true': you might b
enefit from \pgfplotsset{compat=1.18} (current compat level: 1.14).

PGFPlots: reading {data.csv}
LaTeX Font Info:    External font `cmex10' loaded for size
(Font)              <7> on input line 21.
LaTeX Font Info:    External font `cmex10' loaded for size
(Font)              <5> on input line 21.
[1

{/nix/store/hczj55xl7rcsj59jr0gplrhicc0d6c2m-texlive-combined-full-2022-final/sh
are/texmf-var/fonts/map/pdftex/updmap/pdftex.map}
Missing character: There is no z (U+007A) in font nullfont!
] (./angle.aux))

Here is how much of LuaTeX's memory you used:
 23859 strings out of 478290
 100000,1977958 words of node,token memory allocated
 15036 words of node memory still in use:
   203 hlist, 2 vlist, 1 rule, 12 disc, 40 math, 524 glue, 11 kern, 130 glyph, 1
294 attribute, 48 glue_spec, 1294 attribute_list, 4 write, 857 pdf_literal, 18 p
df_colorstack nodes
   avail lists: 2:31,3:1721,4:46,5:34,6:2,7:1408,8:6,9:426,11:24
 43284 multiletter control sequences out of 65536+600000
 27 fonts using 1608431 bytes
 99i,18n,98p,1641b,2120s stack positions out of 10000i,1000n,20000p,200000b,200000s
</nix/store/mzdfldbi0g8dp4gdj2gzg8bmfzlqlcbk-texlive-lm-2.005/fonts/opentype/pub
lic/lm/lmsans10-bold.otf></nix/store/vs3sdmvbg7aw63q5z1cy2yjll5hgyl87-texlive-co
mbined-full-2022-final-texmfdist/fonts/type1/public/amsfonts/cm/cmmi10.pfb></nix
/store/vs3sdmvbg7aw63q5z1cy2yjll5hgyl87-texlive-combined-full-2022-final-texmfdi
st/fonts/type1/public/amsfonts/cm/cmr10.pfb></nix/store/vs3sdmvbg7aw63q5z1cy2yjl
l5hgyl87-texlive-combined-full-2022-final-texmfdist/fonts/type1/public/amsfonts/
cm/cmr7.pfb></nix/store/vs3sdmvbg7aw63q5z1cy2yjll5hgyl87-texlive-combined-full-2
022-final-texmfdist/fonts/type1/public/amsfonts/cm/cmsy10.pfb></nix/store/vs3sdm
vbg7aw63q5z1cy2yjll5hgyl87-texlive-combined-full-2022-final-texmfdist/fonts/type
1/public/amsfonts/cm/cmsy7.pfb>
Output written on angle.pdf (1 page, 48781 bytes).

PDF statistics: 38 PDF objects out of 1000 (max. 8388607)
 26 compressed objects within 1 object stream
 0 named destinations out of 1000 (max. 131072)
 16 words of extra memory for PDF output out of 10000 (max. 100000000)

